[ INFO]2017-06-19 15:36:14  更新替换资源YXYBB替换版本20170619
[ INFO]2017-06-19 15:36:14  exec project resource replace command:tomcatstartscriptpath -m replaceResource -P YXYBB -t 20170619 -v2
[ INFO]2017-06-19 15:36:14  host:[windyStreet],IP:[220.231.252.31],project:[YXYBB] replace resource failed 
[ INFO]2017-06-19 15:36:35  更新替换资源YXYBB替换版本20170619
[ERROR]2017-06-19 15:36:35  read [ D:\PycharmProjects\Longrise\loamp\func\updateScript\runtime\YXYBB-node-health-status.json ] not exists
[ERROR]2017-06-19 15:36:35  errorMsg:[Errno 2] No such file or directory: 'D:\\PycharmProjects\\Longrise\\loamp\\func\\updateScript\\runtime\\YXYBB-node-health-status.json'
[ INFO]2017-06-19 15:36:35  exec project resource replace command:tomcatstartscriptpath -m replaceResource -P YXYBB -t 20170619 -v2
[ INFO]2017-06-19 15:36:35  host:[windyStreet],IP:[220.231.252.31],project:[YXYBB] replace resource failed 
[ INFO]2017-06-19 15:36:53  更新替换资源YXYBB替换版本20170619
[ERROR]2017-06-19 15:36:53  read [ D:/PycharmProjects/Longrise/loamp/func/updateScript/runtime\YXYBB-node-health-status.json ] not exists
[ERROR]2017-06-19 15:36:53  errorMsg:[Errno 2] No such file or directory: 'D:/PycharmProjects/Longrise/loamp/func/updateScript/runtime\\YXYBB-node-health-status.json'
[ INFO]2017-06-19 15:36:53  exec project resource replace command:tomcatstartscriptpath -m replaceResource -P YXYBB -t 20170619 -v2
[ INFO]2017-06-19 15:36:53  host:[windyStreet],IP:[220.231.252.31],project:[YXYBB] replace resource failed 
[ INFO]2017-06-19 15:37:02  更新替换资源YXYBB替换版本20170619
[ERROR]2017-06-19 15:37:02  read [ D:/PycharmProjects/Longrise/loamp/func/updateScript/runtime\YXYBB-node-health-status.json ] not exists
[ERROR]2017-06-19 15:37:02  errorMsg:[Errno 2] No such file or directory: 'D:/PycharmProjects/Longrise/loamp/func/updateScript/runtime\\YXYBB-node-health-status.json'
[ INFO]2017-06-19 15:37:02  exec project resource replace command:tomcatstartscriptpath -m replaceResource -P YXYBB -t 20170619 -v2
[ INFO]2017-06-19 15:37:02  host:[windyStreet],IP:[220.231.252.31],project:[YXYBB] replace resource failed 
[ INFO]2017-06-19 15:37:08  更新替换资源YXYBB替换版本20170619
[ERROR]2017-06-19 15:37:08  read [ D:/PycharmProjects/Longrise/loamp/func/updateScript/runtime\YXYBB-node-health-status.json ] not exists
[ERROR]2017-06-19 15:37:08  errorMsg:[Errno 2] No such file or directory: 'D:/PycharmProjects/Longrise/loamp/func/updateScript/runtime\\YXYBB-node-health-status.json'
[ INFO]2017-06-19 15:37:19  exec project resource replace command:tomcatstartscriptpath -m replaceResource -P YXYBB -t 20170619 -v2
[ INFO]2017-06-19 15:37:22  host:[windyStreet],IP:[220.231.252.31],project:[YXYBB] replace resource failed 
[ INFO]2017-06-19 15:37:31  更新替换资源YXYBB替换版本20170619
[ERROR]2017-06-19 15:37:31  read [ D:/PycharmProjects/Longrise/loamp/func/updateScript/runtime\YXYBB-node-health-status.json ] not exists
[ERROR]2017-06-19 15:37:31  errorMsg:[Errno 2] No such file or directory: 'D:/PycharmProjects/Longrise/loamp/func/updateScript/runtime\\YXYBB-node-health-status.json'
[ INFO]2017-06-19 15:38:04  更新替换资源YXYBB替换版本20170619
[ERROR]2017-06-19 15:38:04  read [ D:/PycharmProjects/Longrise/loamp/func/updateScript/runtime\YXYBB-node-health-status.json ] not exists
[ERROR]2017-06-19 15:38:04  errorMsg:[Errno 2] No such file or directory: 'D:/PycharmProjects/Longrise/loamp/func/updateScript/runtime\\YXYBB-node-health-status.json'
[ INFO]2017-06-19 15:38:31  更新替换资源YXYBB替换版本20170619
[ERROR]2017-06-19 15:38:31  read [ D:\PycharmProjects\Longrise\loamp\func\updateScript\runtime\YXYBB-node-health-status.json ] not exists
[ERROR]2017-06-19 15:38:31  errorMsg:[Errno 2] No such file or directory: 'D:\\PycharmProjects\\Longrise\\loamp\\func\\updateScript\\runtime\\YXYBB-node-health-status.json'
[ INFO]2017-06-19 15:38:31  exec project resource replace command:tomcatstartscriptpath -m replaceResource -P YXYBB -t 20170619 -v2
[ INFO]2017-06-19 15:38:31  host:[windyStreet],IP:[220.231.252.31],project:[YXYBB] replace resource failed 
[ INFO]2017-06-19 15:39:04  更新替换资源YXYBB替换版本20170619
[ERROR]2017-06-19 15:39:04  read [ D:\PycharmProjects\Longrise\loamp\func\updateScript\runtime\YXYBB-node-health-status.json ] not exists
[ERROR]2017-06-19 15:39:04  errorMsg:[Errno 2] No such file or directory: 'D:\\PycharmProjects\\Longrise\\loamp\\func\\updateScript\\runtime\\YXYBB-node-health-status.json'
[ INFO]2017-06-19 15:39:04  exec project resource replace command:tomcatstartscriptpath -m replaceResource -P YXYBB -t 20170619 -v2
[ INFO]2017-06-19 15:39:04  host:[windyStreet],IP:[220.231.252.31],project:[YXYBB] replace resource failed 
[ INFO]2017-06-19 15:39:28  更新替换资源YXYBB替换版本20170619
[ERROR]2017-06-19 15:39:28  read [ D:/PycharmProjects/Longrise/loamp/func/updateScript/runtime\YXYBB-node-health-status.json ] not exists
[ERROR]2017-06-19 15:39:28  errorMsg:[Errno 2] No such file or directory: 'D:/PycharmProjects/Longrise/loamp/func/updateScript/runtime\\YXYBB-node-health-status.json'
[ INFO]2017-06-19 15:40:37  更新替换资源YXYBB替换版本20170619
[ERROR]2017-06-19 15:40:54  read [ D:/PycharmProjects/Longrise/loamp/func/updateScript/runtime\YXYBB-node-health-status.json ] not exists
[ERROR]2017-06-19 15:40:54  errorMsg:[Errno 2] No such file or directory: 'D:/PycharmProjects/Longrise/loamp/func/updateScript/runtime\\YXYBB-node-health-status.json'
[ INFO]2017-06-19 15:41:21  更新替换资源YXYBB替换版本20170619
[ERROR]2017-06-19 15:42:48  read [ D:/PycharmProjects/Longrise/loamp/func/updateScript/runtime\YXYBB-node-health-status.json ] not exists
[ERROR]2017-06-19 15:42:48  errorMsg:[Errno 2] No such file or directory: 'D:/PycharmProjects/Longrise/loamp/func/updateScript/runtime\\YXYBB-node-health-status.json'
[ INFO]2017-06-19 15:42:52  exec project resource replace command:tomcatstartscriptpath -m replaceResource -P YXYBB -t 20170619 -v2
[ INFO]2017-06-19 15:42:52  host:[windyStreet],IP:[220.231.252.31],project:[YXYBB] replace resource failed 
[ INFO]2017-06-19 15:43:50  更新替换资源YXYBB替换版本20170619
[ERROR]2017-06-19 15:44:05  read [ D:/PycharmProjects/Longrise/loamp/func/updateScript/runtime\YXYBB-node-health-status.json ] not exists
[ERROR]2017-06-19 15:44:05  errorMsg:[Errno 2] No such file or directory: 'D:/PycharmProjects/Longrise/loamp/func/updateScript/runtime\\YXYBB-node-health-status.json'
